<?xml version="1.0" encoding="UTF-8"?>
<testng-results total="1" passed="1" failed="0" skipped="0">
  <reporter-output>
  </reporter-output>
  <suite started-at="2020-12-26T23:22:16Z" name="Default suite" finished-at="2020-12-26T23:22:28Z" duration-ms="12048">
    <groups>
    </groups>
    <test started-at="2020-12-26T23:22:16Z" name="Default test" finished-at="2020-12-26T23:22:28Z" duration-ms="12048">
      <class name="com.rockcor.TestNGSample">
        <test-method is-config="true" signature="beforeSuite()[pri:0, instance:com.rockcor.TestNGSample@4f2b503c]" started-at="2020-12-26T18:22:16Z" name="beforeSuite" finished-at="2020-12-26T18:22:16Z" duration-ms="12" status="PASS">
          <reporter-output>
          </reporter-output>
        </test-method> <!-- beforeSuite -->
        <test-method is-config="true" signature="beforeTest()[pri:0, instance:com.rockcor.TestNGSample@4f2b503c]" started-at="2020-12-26T18:22:16Z" name="beforeTest" finished-at="2020-12-26T18:22:16Z" duration-ms="0" status="PASS">
          <reporter-output>
          </reporter-output>
        </test-method> <!-- beforeTest -->
        <test-method is-config="true" signature="beforeClass()[pri:0, instance:com.rockcor.TestNGSample@4f2b503c]" started-at="2020-12-26T18:22:16Z" name="beforeClass" finished-at="2020-12-26T18:22:26Z" duration-ms="9837" status="PASS">
          <reporter-output>
          </reporter-output>
        </test-method> <!-- beforeClass -->
        <test-method is-config="true" signature="beforeMethod()[pri:0, instance:com.rockcor.TestNGSample@4f2b503c]" started-at="2020-12-26T18:22:26Z" name="beforeMethod" finished-at="2020-12-26T18:22:26Z" duration-ms="0" status="PASS">
          <reporter-output>
          </reporter-output>
        </test-method> <!-- beforeMethod -->
        <test-method signature="searchBlouses()[pri:0, instance:com.rockcor.TestNGSample@4f2b503c]" started-at="2020-12-26T18:22:26Z" name="searchBlouses" finished-at="2020-12-26T18:22:28Z" duration-ms="1947" status="PASS">
          <reporter-output>
          </reporter-output>
        </test-method> <!-- searchBlouses -->
        <test-method is-config="true" signature="afterMethod()[pri:0, instance:com.rockcor.TestNGSample@4f2b503c]" started-at="2020-12-26T18:22:28Z" name="afterMethod" finished-at="2020-12-26T18:22:28Z" duration-ms="1" status="PASS">
          <reporter-output>
          </reporter-output>
        </test-method> <!-- afterMethod -->
        <test-method is-config="true" signature="afterClass()[pri:0, instance:com.rockcor.TestNGSample@4f2b503c]" started-at="2020-12-26T18:22:28Z" name="afterClass" finished-at="2020-12-26T18:22:28Z" duration-ms="224" status="PASS">
          <reporter-output>
          </reporter-output>
        </test-method> <!-- afterClass -->
        <test-method is-config="true" signature="afterTest()[pri:0, instance:com.rockcor.TestNGSample@4f2b503c]" started-at="2020-12-26T18:22:28Z" name="afterTest" finished-at="2020-12-26T18:22:28Z" duration-ms="1" status="PASS">
          <reporter-output>
          </reporter-output>
        </test-method> <!-- afterTest -->
        <test-method is-config="true" signature="afterSuite()[pri:0, instance:com.rockcor.TestNGSample@4f2b503c]" started-at="2020-12-26T18:22:28Z" name="afterSuite" finished-at="2020-12-26T18:22:28Z" duration-ms="1" status="PASS">
          <reporter-output>
          </reporter-output>
        </test-method> <!-- afterSuite -->
      </class> <!-- com.rockcor.TestNGSample -->
    </test> <!-- Default test -->
  </suite> <!-- Default suite -->
</testng-results>
